<?xml version="1.0" encoding="UTF-8"?>
<testng-results skipped="0" failed="0" ignored="0" total="1" passed="1">
  <reporter-output>
  </reporter-output>
  <suite name="Default suite" duration-ms="26222" started-at="2020-07-09T11:50:20 COT" finished-at="2020-07-09T11:50:46 COT">
    <groups>
    </groups>
    <test name="Default test" duration-ms="26222" started-at="2020-07-09T11:50:20 COT" finished-at="2020-07-09T11:50:46 COT">
      <class name="Sophosolutions.HomePage">
        <test-method status="PASS" signature="initialize()[pri:0, instance:Sophosolutions.HomePage@7d70d1b1]" name="initialize" is-config="true" duration-ms="8537" started-at="2020-07-09T11:50:20 COT" finished-at="2020-07-09T11:50:28 COT">
          <reporter-output>
          </reporter-output>
        </test-method> <!-- initialize -->
        <test-method status="PASS" signature="basePage()[pri:0, instance:Sophosolutions.HomePage@7d70d1b1]" name="basePage" duration-ms="13407" started-at="2020-07-09T11:50:28 COT" finished-at="2020-07-09T11:50:42 COT">
          <reporter-output>
          </reporter-output>
        </test-method> <!-- basePage -->
        <test-method status="PASS" signature="teardown()[pri:0, instance:Sophosolutions.HomePage@7d70d1b1]" name="teardown" is-config="true" duration-ms="4194" started-at="2020-07-09T11:50:42 COT" finished-at="2020-07-09T11:50:46 COT">
          <reporter-output>
          </reporter-output>
        </test-method> <!-- teardown -->
      </class> <!-- Sophosolutions.HomePage -->
    </test> <!-- Default test -->
  </suite> <!-- Default suite -->
</testng-results>
