<?xml version="1.0" encoding="UTF-8"?>
<testng-results skipped="0" failed="0" total="1" passed="1">
  <reporter-output>
  </reporter-output>
  <suite name="Sophos Solutions" duration-ms="17409" started-at="2020-07-09T05:10:56Z" finished-at="2020-07-09T05:11:13Z">
    <groups>
    </groups>
    <test name="Google" duration-ms="17409" started-at="2020-07-09T05:10:56Z" finished-at="2020-07-09T05:11:13Z">
      <class name="Sophosolutions.HomePage">
        <test-method status="PASS" signature="initialize()[pri:0, instance:Sophosolutions.HomePage@12405818]" name="initialize" is-config="true" duration-ms="7450" started-at="2020-07-09T00:10:56Z" finished-at="2020-07-09T00:11:03Z">
          <reporter-output>
          </reporter-output>
        </test-method> <!-- initialize -->
        <test-method status="PASS" signature="basePage()[pri:0, instance:Sophosolutions.HomePage@12405818]" name="basePage" duration-ms="9557" started-at="2020-07-09T00:11:03Z" finished-at="2020-07-09T00:11:13Z">
          <reporter-output>
          </reporter-output>
        </test-method> <!-- basePage -->
        <test-method status="PASS" signature="teardown()[pri:0, instance:Sophosolutions.HomePage@12405818]" name="teardown" is-config="true" duration-ms="391" started-at="2020-07-09T00:11:13Z" finished-at="2020-07-09T00:11:13Z">
          <reporter-output>
          </reporter-output>
        </test-method> <!-- teardown -->
      </class> <!-- Sophosolutions.HomePage -->
    </test> <!-- Google -->
  </suite> <!-- Sophos Solutions -->
</testng-results>
